;  LST file generated by mikroListExporter - v.2.0 
; Date/Time: 23/04/2024 13:42:25
;----------------------------------------------

;Address Opcode 	ASM
0x0000	0x2803      	GOTO       3
_main:
;prueba1.c,1 :: 		void main() {
;prueba1.c,2 :: 		TRISB = 0;
0x0003	0x1683      	BSF        STATUS, 5
0x0004	0x0186      	CLRF       TRISB
;prueba1.c,3 :: 		for (;;)
L_main0:
;prueba1.c,5 :: 		PORTB.F4 = 1;
0x0005	0x1283      	BCF        STATUS, 5
0x0006	0x1606      	BSF        PORTB, 4
;prueba1.c,6 :: 		PORTB.F5 = 1;
0x0007	0x1686      	BSF        PORTB, 5
;prueba1.c,7 :: 		PORTB.F6 = 1;
0x0008	0x1706      	BSF        PORTB, 6
;prueba1.c,8 :: 		PORTB.F7 = 1;
0x0009	0x1786      	BSF        PORTB, 7
;prueba1.c,9 :: 		Delay_ms(2000);
0x000A	0x300B      	MOVLW      11
0x000B	0x00CB      	MOVWF      R11
0x000C	0x3026      	MOVLW      38
0x000D	0x00CC      	MOVWF      R12
0x000E	0x305D      	MOVLW      93
0x000F	0x00CD      	MOVWF      R13
L_main3:
0x0010	0x0BCD      	DECFSZ     R13, 1
0x0011	0x2810      	GOTO       L_main3
0x0012	0x0BCC      	DECFSZ     R12, 1
0x0013	0x2810      	GOTO       L_main3
0x0014	0x0BCB      	DECFSZ     R11, 1
0x0015	0x2810      	GOTO       L_main3
0x0016	0x0000      	NOP
0x0017	0x0000      	NOP
;prueba1.c,10 :: 		PORTB.F4 = 0;
0x0018	0x1206      	BCF        PORTB, 4
;prueba1.c,11 :: 		PORTB.F5 = 0;
0x0019	0x1286      	BCF        PORTB, 5
;prueba1.c,12 :: 		PORTB.F6 = 0;
0x001A	0x1306      	BCF        PORTB, 6
;prueba1.c,13 :: 		PORTB.F7 = 0;
0x001B	0x1386      	BCF        PORTB, 7
;prueba1.c,14 :: 		Delay_ms(2000);
0x001C	0x300B      	MOVLW      11
0x001D	0x00CB      	MOVWF      R11
0x001E	0x3026      	MOVLW      38
0x001F	0x00CC      	MOVWF      R12
0x0020	0x305D      	MOVLW      93
0x0021	0x00CD      	MOVWF      R13
L_main4:
0x0022	0x0BCD      	DECFSZ     R13, 1
0x0023	0x2822      	GOTO       L_main4
0x0024	0x0BCC      	DECFSZ     R12, 1
0x0025	0x2822      	GOTO       L_main4
0x0026	0x0BCB      	DECFSZ     R11, 1
0x0027	0x2822      	GOTO       L_main4
0x0028	0x0000      	NOP
0x0029	0x0000      	NOP
;prueba1.c,16 :: 		}
0x002A	0x2805      	GOTO       L_main0
;prueba1.c,18 :: 		}
L_end_main:
0x002B	0x282B      	GOTO       $+0
; end of _main
Symbol List:
//** Routines locations **
//ADDRESS    SIZE    PROCEDURE
//----------------------------------------------
0x0003      [41]    _main
//** Variables locations ** 
//ADDRESS    SIZE    VARIABLE
//----------------------------------------------
0x0000       [1]    INDF
0x0003       [1]    STATUS
0x0004       [1]    FSR
0x0006       [1]    PORTB
0x000A       [1]    PCLATH
0x000C       [2]    ___DoICPAddr
0x0040       [1]    R0
0x0041       [1]    R1
0x0042       [1]    R2
0x0043       [1]    R3
0x0044       [1]    R4
0x0045       [1]    R5
0x0046       [1]    R6
0x0047       [1]    R7
0x0048       [1]    R8
0x0049       [1]    R9
0x004A       [1]    R10
0x004B       [1]    R11
0x004C       [1]    R12
0x004D       [1]    R13
0x004E       [1]    R14
0x004F       [1]    R15
0x0086       [1]    TRISB
